12:28:03.148 [main] INFO  testCases.TC_001_AccountRegistrationTest - *** starting Tc_001_AccountRegistartionTest ***
12:28:03.279 [main] INFO  testCases.TC_001_AccountRegistrationTest - clicked on register
17:13:41.170 [main] INFO  testCases.TC_001_AccountRegistrationTest - *** starting Tc_001_AccountRegistartionTest ***
17:13:41.293 [main] INFO  testCases.TC_001_AccountRegistrationTest - clicked on register
17:15:26.391 [main] INFO  testCases.TC_001_AccountRegistrationTest - *** starting Tc_001_AccountRegistartionTest ***
17:15:26.526 [main] INFO  testCases.TC_001_AccountRegistrationTest - clicked on register
17:15:57.511 [main] INFO  testCases.TC_001_AccountRegistrationTest - *** starting Tc_001_AccountRegistartionTest ***
17:15:57.654 [main] INFO  testCases.TC_001_AccountRegistrationTest - clicked on register
17:16:39.497 [main] INFO  testCases.TC_001_AccountRegistrationTest - *** starting Tc_001_AccountRegistartionTest ***
17:16:39.663 [main] INFO  testCases.TC_001_AccountRegistrationTest - clicked on register
17:17:28.907 [main] INFO  testCases.TC_001_AccountRegistrationTest - *** starting Tc_001_AccountRegistartionTest ***
17:17:29.090 [main] INFO  testCases.TC_001_AccountRegistrationTest - clicked on register
17:33:46.799 [main] INFO  testCases.TC_001_AccountRegistrationTest - *** starting Tc_001_AccountRegistartionTest ***
17:33:46.940 [main] INFO  testCases.TC_001_AccountRegistrationTest - clicked on register
17:33:52.580 [main] INFO  testCases.TC_001_AccountRegistrationTest - *** starting Tc_001_AccountRegistartionTest ***
17:33:52.670 [main] INFO  testCases.TC_001_AccountRegistrationTest - clicked on register
08:49:29.830 [main] INFO  testCases.TC_001_AccountRegistrationTest - *** starting Tc_001_AccountRegistartionTest ***
08:49:29.978 [main] INFO  testCases.TC_001_AccountRegistrationTest - clicked on register
09:37:28.593 [main] INFO  testCases.TC_001_AccountRegistrationTest - *** starting Tc_001_AccountRegistartionTest ***
09:37:28.865 [main] INFO  testCases.TC_001_AccountRegistrationTest - clicked on register
10:32:52.232 [main] INFO  testCases.TC_001_AccountRegistrationTest - *** starting Tc_001_AccountRegistartionTest ***
10:32:52.377 [main] INFO  testCases.TC_001_AccountRegistrationTest - clicked on register
17:03:59.859 [main] INFO  testCases.TC_001_AccountRegistrationTest - *** starting Tc_001_AccountRegistartionTest ***
17:03:59.988 [main] INFO  testCases.TC_001_AccountRegistrationTest - clicked on register
09:37:23.953 [TestNG-tests-2] INFO  testCases.TC_001_AccountRegistrationTest - *** starting Tc_001_AccountRegistartionTest ***
09:37:24.456 [TestNG-tests-1] INFO  testCases.TC_001_AccountRegistrationTest - *** starting Tc_001_AccountRegistartionTest ***
09:37:24.565 [TestNG-tests-2] INFO  testCases.TC_001_AccountRegistrationTest - clicked on register
09:37:24.612 [TestNG-tests-1] INFO  testCases.TC_001_AccountRegistrationTest - clicked on register
09:37:43.301 [TestNG-tests-1] INFO  testCases.TC_002_Searchproduct - *** starting Tc_002_Searchproduct ***
09:41:01.498 [TestNG-tests-2] INFO  testCases.TC_001_AccountRegistrationTest - *** starting Tc_001_AccountRegistartionTest ***
09:43:09.511 [TestNG-tests-1] INFO  testCases.TC_001_AccountRegistrationTest - *** starting Tc_001_AccountRegistartionTest ***
09:43:09.635 [TestNG-tests-1] INFO  testCases.TC_001_AccountRegistrationTest - clicked on register
09:50:39.396 [TestNG-tests-1] INFO  testCases.TC_001_AccountRegistrationTest - *** starting Tc_001_AccountRegistartionTest ***
09:50:39.560 [TestNG-tests-1] INFO  testCases.TC_001_AccountRegistrationTest - clicked on register
11:39:54.462 [main] INFO  testCases.TC_001_AccountRegistrationTest - *** starting Tc_001_AccountRegistartionTest ***
11:39:54.587 [main] INFO  testCases.TC_001_AccountRegistrationTest - clicked on register
11:44:24.636 [main] INFO  testCases.TC_001_AccountRegistrationTest - *** starting Tc_001_AccountRegistartionTest ***
11:44:24.799 [main] INFO  testCases.TC_001_AccountRegistrationTest - clicked on register
